[debug] ----------------------------------------------------------------------
[debug] Command:      C:\Program Files\nodejs\node.exe C:\Users\fabiano.rapkiewicz.NB-002990\AppData\Roaming\npm\node_modules\firebase-tools\bin\firebase serve
[debug] CLI Version:  3.9.0
[debug] Platform:     win32
[debug] Node Version: v6.10.2
[debug] Time:         Mon May 22 2017 20:20:22 GMT-0300 (Hora oficial do Brasil)
[debug] ----------------------------------------------------------------------
[debug] 
[debug] > command requires scopes: ["email","openid","https://www.googleapis.com/auth/cloudplatformprojects.readonly","https://www.googleapis.com/auth/firebase","https://www.googleapis.com/auth/cloud-platform"]
[debug] >>> HTTP REQUEST GET https://admin.firebase.com/v1/projects/achei-quem-faz  
 Mon May 22 2017 20:20:22 GMT-0300 (Hora oficial do Brasil)
[debug] <<< HTTP RESPONSE 200
[debug] >>> HTTP REQUEST GET https://admin.firebase.com/v1/database/achei-quem-faz/tokens  
 Mon May 22 2017 20:20:23 GMT-0300 (Hora oficial do Brasil)
[debug] <<< HTTP RESPONSE 200
[info] 
[info] === Serving from 'C:\Users\fabiano.rapkiewicz.NB-002990\Documents\Projetos\achei-website'...
[info] 
[debug] >>> HTTP REQUEST GET https://cloudresourcemanager.googleapis.com/v1/projects/achei-quem-faz  
 Mon May 22 2017 20:20:24 GMT-0300 (Hora oficial do Brasil)
[debug] <<< HTTP RESPONSE 200
[debug] >>> HTTP REQUEST GET https://mobilesdk-pa.googleapis.com/v1/projects/949550863077/clients/_:getWebAppConfig  
 Mon May 22 2017 20:20:25 GMT-0300 (Hora oficial do Brasil)
[debug] <<< HTTP RESPONSE 200
[info] i  hosting: Serving hosting files from: public
[info] +  hosting: Local server: http://localhost:5000

